This is pdfTeX, Version 3.141592653-2.6-1.40.22 (TeX Live 2022/dev/Debian) (preloaded format=pdflatex 2023.7.16)  24 JUL 2023 17:05
entering extended mode
 restricted \write18 enabled.
 file:line:error style messages enabled.
 %&-line parsing enabled.
**/home/juanmi/Documentos/LaTeX/Informe/Informe.tex
(/home/juanmi/Documentos/LaTeX/Informe/Informe.tex
LaTeX2e <2021-11-15> patch level 1
L3 programming layer <2022-01-21> (/usr/share/texlive/texmf-dist/tex/latex/base/article.cls
Document Class: article 2021/10/04 v1.4n Standard LaTeX document class
(/usr/share/texlive/texmf-dist/tex/latex/base/size10.clo
File: size10.clo 2021/10/04 v1.4n Standard LaTeX file (size option)
)
\c@part=\count185
\c@section=\count186
\c@subsection=\count187
\c@subsubsection=\count188
\c@paragraph=\count189
\c@subparagraph=\count190
\c@figure=\count191
\c@table=\count192
\abovecaptionskip=\skip47
\belowcaptionskip=\skip48
\bibindent=\dimen138
) (/usr/share/texlive/texmf-dist/tex/latex/graphics/graphicx.sty
Package: graphicx 2021/09/16 v1.2d Enhanced LaTeX Graphics (DPC,SPQR)
 (/usr/share/texlive/texmf-dist/tex/latex/graphics/keyval.sty
Package: keyval 2014/10/28 v1.15 key=value parser (DPC)
\KV@toks@=\toks16
) (/usr/share/texlive/texmf-dist/tex/latex/graphics/graphics.sty
Package: graphics 2021/03/04 v1.4d Standard LaTeX Graphics (DPC,SPQR)
 (/usr/share/texlive/texmf-dist/tex/latex/graphics/trig.sty
Package: trig 2021/08/11 v1.11 sin cos tan (DPC)
) (/usr/share/texlive/texmf-dist/tex/latex/graphics-cfg/graphics.cfg
File: graphics.cfg 2016/06/04 v1.11 sample graphics configuration
)
Package graphics Info: Driver file: pdftex.def on input line 107.
 (/usr/share/texlive/texmf-dist/tex/latex/graphics-def/pdftex.def
File: pdftex.def 2020/10/05 v1.2a Graphics/color driver for pdftex
))
\Gin@req@height=\dimen139
\Gin@req@width=\dimen140
) (/usr/share/texlive/texmf-dist/tex/latex/amsmath/amsmath.sty
Package: amsmath 2021/10/15 v2.17l AMS math features
\@mathmargin=\skip49

For additional information on amsmath, use the `?' option.
(/usr/share/texlive/texmf-dist/tex/latex/amsmath/amstext.sty
Package: amstext 2021/08/26 v2.01 AMS text
 (/usr/share/texlive/texmf-dist/tex/latex/amsmath/amsgen.sty
File: amsgen.sty 1999/11/30 v2.0 generic functions
\@emptytoks=\toks17
\ex@=\dimen141
)) (/usr/share/texlive/texmf-dist/tex/latex/amsmath/amsbsy.sty
Package: amsbsy 1999/11/29 v1.2d Bold Symbols
\pmbraise@=\dimen142
) (/usr/share/texlive/texmf-dist/tex/latex/amsmath/amsopn.sty
Package: amsopn 2021/08/26 v2.02 operator names
)
\inf@bad=\count193
LaTeX Info: Redefining \frac on input line 234.
\uproot@=\count194
\leftroot@=\count195
LaTeX Info: Redefining \overline on input line 399.
\classnum@=\count196
\DOTSCASE@=\count197
LaTeX Info: Redefining \ldots on input line 496.
LaTeX Info: Redefining \dots on input line 499.
LaTeX Info: Redefining \cdots on input line 620.
\Mathstrutbox@=\box50
\strutbox@=\box51
\big@size=\dimen143
LaTeX Font Info:    Redeclaring font encoding OML on input line 743.
LaTeX Font Info:    Redeclaring font encoding OMS on input line 744.
\macc@depth=\count198
\c@MaxMatrixCols=\count199
\dotsspace@=\muskip16
\c@parentequation=\count266
\dspbrk@lvl=\count267
\tag@help=\toks18
\row@=\count268
\column@=\count269
\maxfields@=\count270
\andhelp@=\toks19
\eqnshift@=\dimen144
\alignsep@=\dimen145
\tagshift@=\dimen146
\tagwidth@=\dimen147
\totwidth@=\dimen148
\lineht@=\dimen149
\@envbody=\toks20
\multlinegap=\skip50
\multlinetaggap=\skip51
\mathdisplay@stack=\toks21
LaTeX Info: Redefining \[ on input line 2938.
LaTeX Info: Redefining \] on input line 2939.
) (/usr/share/texlive/texmf-dist/tex/latex/l3backend/l3backend-pdftex.def
File: l3backend-pdftex.def 2022-01-12 L3 backend support: PDF output (pdfTeX)
\l__color_backend_stack_int=\count271
\l__pdf_internal_box=\box52
) (./Informe.aux)
\openout1 = `Informe.aux'.

LaTeX Font Info:    Checking defaults for OML/cmm/m/it on input line 8.
LaTeX Font Info:    ... okay on input line 8.
LaTeX Font Info:    Checking defaults for OMS/cmsy/m/n on input line 8.
LaTeX Font Info:    ... okay on input line 8.
LaTeX Font Info:    Checking defaults for OT1/cmr/m/n on input line 8.
LaTeX Font Info:    ... okay on input line 8.
LaTeX Font Info:    Checking defaults for T1/cmr/m/n on input line 8.
LaTeX Font Info:    ... okay on input line 8.
LaTeX Font Info:    Checking defaults for TS1/cmr/m/n on input line 8.
LaTeX Font Info:    ... okay on input line 8.
LaTeX Font Info:    Checking defaults for OMX/cmex/m/n on input line 8.
LaTeX Font Info:    ... okay on input line 8.
LaTeX Font Info:    Checking defaults for U/cmr/m/n on input line 8.
LaTeX Font Info:    ... okay on input line 8.
 (/usr/share/texlive/texmf-dist/tex/context/base/mkii/supp-pdf.mkii
[Loading MPS to PDF converter (version 2006.09.02).]
\scratchcounter=\count272
\scratchdimen=\dimen150
\scratchbox=\box53
\nofMPsegments=\count273
\nofMParguments=\count274
\everyMPshowfont=\toks22
\MPscratchCnt=\count275
\MPscratchDim=\dimen151
\MPnumerator=\count276
\makeMPintoPDFobject=\count277
\everyMPtoPDFconversion=\toks23
) (/usr/share/texlive/texmf-dist/tex/latex/epstopdf-pkg/epstopdf-base.sty
Package: epstopdf-base 2020-01-24 v2.11 Base part for package epstopdf
 (/usr/share/texlive/texmf-dist/tex/generic/infwarerr/infwarerr.sty
Package: infwarerr 2019/12/03 v1.5 Providing info/warning/error messages (HO)
) (/usr/share/texlive/texmf-dist/tex/latex/grfext/grfext.sty
Package: grfext 2019/12/03 v1.3 Manage graphics extensions (HO)
 (/usr/share/texlive/texmf-dist/tex/generic/kvdefinekeys/kvdefinekeys.sty
Package: kvdefinekeys 2019-12-19 v1.6 Define keys (HO)
)) (/usr/share/texlive/texmf-dist/tex/latex/kvoptions/kvoptions.sty
Package: kvoptions 2020-10-07 v3.14 Key value format for package options (HO)
 (/usr/share/texlive/texmf-dist/tex/generic/ltxcmds/ltxcmds.sty
Package: ltxcmds 2020-05-10 v1.25 LaTeX kernel commands for general use (HO)
) (/usr/share/texlive/texmf-dist/tex/generic/kvsetkeys/kvsetkeys.sty
Package: kvsetkeys 2019/12/15 v1.18 Key value parser (HO)
)) (/usr/share/texlive/texmf-dist/tex/generic/pdftexcmds/pdftexcmds.sty
Package: pdftexcmds 2020-06-27 v0.33 Utility functions of pdfTeX for LuaTeX (HO)
 (/usr/share/texlive/texmf-dist/tex/generic/iftex/iftex.sty
Package: iftex 2020/03/06 v1.0d TeX engine tests
)
Package pdftexcmds Info: \pdf@primitive is available.
Package pdftexcmds Info: \pdf@ifprimitive is available.
Package pdftexcmds Info: \pdfdraftmode found.
)
Package epstopdf-base Info: Redefining graphics rule for `.eps' on input line 485.
Package grfext Info: Graphics extension search list:
(grfext)             [.pdf,.png,.jpg,.mps,.jpeg,.jbig2,.jb2,.PDF,.PNG,.JPG,.JPEG,.JBIG2,.JB2,.eps]
(grfext)             \AppendGraphicsExtensions on input line 504.
 (/usr/share/texlive/texmf-dist/tex/latex/latexconfig/epstopdf-sys.cfg
File: epstopdf-sys.cfg 2010/07/13 v1.3 Configuration of (r)epstopdf for TeX Live
))
<images//matcom.jpg, id=1, 200.75pt x 200.75pt>
File: images//matcom.jpg Graphic file (type jpg)
<use images//matcom.jpg>
Package pdftex.def Info: images//matcom.jpg  used on input line 12.
(pdftex.def)             Requested size: 113.81297pt x 113.81297pt.
<images//Screenshot 2023-07-17 at 15-44-54 The Logo Maker Built for 1000 Industries and 20M Users.png, id=2, 939.51pt x 520.94624pt>
File: images//Screenshot 2023-07-17 at 15-44-54 The Logo Maker Built for 1000 Industries and 20M Users.png Graphic file (type png)
<use images//Screenshot 2023-07-17 at 15-44-54 The Logo Maker Built for 1000 Industries and 20M Users.png>
Package pdftex.def Info: images//Screenshot 2023-07-17 at 15-44-54 The Logo Maker Built for 1000 Industries and 20M Users.png  used on input line 32.
(pdftex.def)             Requested size: 284.52162pt x 142.26306pt.
 [1

{/var/lib/texmf/fonts/map/pdftex/updmap/pdftex.map} <./images//matcom.jpg> <./images//Screenshot 2023-07-17 at 15-44-54 The Logo Maker Built for 1000 Industries and 20M Users.png>]
Underfull \hbox (badness 10000) in paragraph at lines 53--61

 []

<images//Captura desde 2023-07-17 22-27-30.png, id=14, 435.6275pt x 22.0825pt>
File: images//Captura desde 2023-07-17 22-27-30.png Graphic file (type png)
<use images//Captura desde 2023-07-17 22-27-30.png>
Package pdftex.def Info: images//Captura desde 2023-07-17 22-27-30.png  used on input line 63.
(pdftex.def)             Requested size: 280.64854pt x 14.22636pt.
<images//Captura desde 2023-07-17 22-42-56.png, id=15, 481.8pt x 142.5325pt>
File: images//Captura desde 2023-07-17 22-42-56.png Graphic file (type png)
<use images//Captura desde 2023-07-17 22-42-56.png>
Package pdftex.def Info: images//Captura desde 2023-07-17 22-42-56.png  used on input line 72.
(pdftex.def)             Requested size: 288.53085pt x 85.35826pt.
<images//Captura desde 2023-07-17 22-46-16.png, id=16, 595.22375pt x 59.22125pt>
File: images//Captura desde 2023-07-17 22-46-16.png Graphic file (type png)
<use images//Captura desde 2023-07-17 22-46-16.png>
Package pdftex.def Info: images//Captura desde 2023-07-17 22-46-16.png  used on input line 81.
(pdftex.def)             Requested size: 343.1774pt x 34.14322pt.
<images//Captura desde 2023-07-19 13-00-55.png, id=17, 370.38374pt x 37.13875pt>
File: images//Captura desde 2023-07-19 13-00-55.png Graphic file (type png)
<use images//Captura desde 2023-07-19 13-00-55.png>
Package pdftex.def Info: images//Captura desde 2023-07-19 13-00-55.png  used on input line 92.
(pdftex.def)             Requested size: 227.01884pt x 22.76228pt.
[2 <./images//Captura desde 2023-07-17 22-27-30.png> <./images//Captura desde 2023-07-17 22-42-56.png> <./images//Captura desde 2023-07-17 22-46-16.png> <./images//Captura desde 2023-07-19 13-00-55.png>] [3]
<images//Captura desde 2023-07-18 11-16-29.png, id=32, 615.29875pt x 43.16125pt>
File: images//Captura desde 2023-07-18 11-16-29.png Graphic file (type png)
<use images//Captura desde 2023-07-18 11-16-29.png>
Package pdftex.def Info: images//Captura desde 2023-07-18 11-16-29.png  used on input line 156.
(pdftex.def)             Requested size: 324.50131pt x 22.76228pt.
<images//Captura desde 2023-07-18 21-14-03.png, id=33, 697.60625pt x 41.15375pt>
File: images//Captura desde 2023-07-18 21-14-03.png Graphic file (type png)
<use images//Captura desde 2023-07-18 21-14-03.png>
Package pdftex.def Info: images//Captura desde 2023-07-18 21-14-03.png  used on input line 168.
(pdftex.def)             Requested size: 337.61479pt x 19.91684pt.
<images//Captura desde 2023-07-18 21-21-46.png, id=34, 586.19pt x 80.3pt>
File: images//Captura desde 2023-07-18 21-21-46.png Graphic file (type png)
<use images//Captura desde 2023-07-18 21-21-46.png>
Package pdftex.def Info: images//Captura desde 2023-07-18 21-21-46.png  used on input line 178.
(pdftex.def)             Requested size: 332.33392pt x 45.52458pt.
<images//Captura desde 2023-07-18 21-25-05.png, id=35, 594.22pt x 36.135pt>
File: images//Captura desde 2023-07-18 21-25-05.png Graphic file (type png)
<use images//Captura desde 2023-07-18 21-25-05.png>
Package pdftex.def Info: images//Captura desde 2023-07-18 21-25-05.png  used on input line 187.
(pdftex.def)             Requested size: 327.52017pt x 19.91684pt.
<images//Captura desde 2023-07-18 21-27-04.png, id=36, 594.22pt x 36.135pt>
File: images//Captura desde 2023-07-18 21-27-04.png Graphic file (type png)
<use images//Captura desde 2023-07-18 21-27-04.png>
Package pdftex.def Info: images//Captura desde 2023-07-18 21-27-04.png  used on input line 196.
(pdftex.def)             Requested size: 327.52017pt x 19.91684pt.
<images//Captura desde 2023-07-18 21-31-27.png, id=37, 694.595pt x 36.135pt>
File: images//Captura desde 2023-07-18 21-31-27.png Graphic file (type png)
<use images//Captura desde 2023-07-18 21-31-27.png>
Package pdftex.def Info: images//Captura desde 2023-07-18 21-31-27.png  used on input line 206.
(pdftex.def)             Requested size: 328.15547pt x 17.07182pt.
 [4 <./images//Captura desde 2023-07-18 11-16-29.png> <./images//Captura desde 2023-07-18 21-14-03.png> <./images//Captura desde 2023-07-18 21-21-46.png> <./images//Captura desde 2023-07-18 21-25-05.png> <./images//Captura desde 2023-07-18 21-27-04.png> <./images//Captura desde 2023-07-18 21-31-27.png>]
<images//Captura desde 2023-07-18 21-42-49.png, id=47, 694.595pt x 36.135pt>
File: images//Captura desde 2023-07-18 21-42-49.png Graphic file (type png)
<use images//Captura desde 2023-07-18 21-42-49.png>
Package pdftex.def Info: images//Captura desde 2023-07-18 21-42-49.png  used on input line 219.
(pdftex.def)             Requested size: 328.15547pt x 17.07182pt.
<images//Captura desde 2023-07-18 22-08-59.png, id=48, 654.445pt x 33.12375pt>
File: images//Captura desde 2023-07-18 22-08-59.png Graphic file (type png)
<use images//Captura desde 2023-07-18 22-08-59.png>
Package pdftex.def Info: images//Captura desde 2023-07-18 22-08-59.png  used on input line 230.
(pdftex.def)             Requested size: 337.29758pt x 17.07182pt.
<images//Captura desde 2023-07-18 22-11-17.png, id=49, 619.31375pt x 33.12375pt>
File: images//Captura desde 2023-07-18 22-11-17.png Graphic file (type png)
<use images//Captura desde 2023-07-18 22-11-17.png>
Package pdftex.def Info: images//Captura desde 2023-07-18 22-11-17.png  used on input line 239.
(pdftex.def)             Requested size: 319.19112pt x 17.07182pt.
<images//Captura desde 2023-07-18 22-18-36.png, id=50, 597.23125pt x 183.68625pt>
File: images//Captura desde 2023-07-18 22-18-36.png Graphic file (type png)
<use images//Captura desde 2023-07-18 22-18-36.png>
Package pdftex.def Info: images//Captura desde 2023-07-18 22-18-36.png  used on input line 251.
(pdftex.def)             Requested size: 342.2935pt x 105.2751pt.
 [5 <./images//Captura desde 2023-07-18 21-42-49.png> <./images//Captura desde 2023-07-18 22-08-59.png> <./images//Captura desde 2023-07-18 22-11-17.png> <./images//Captura desde 2023-07-18 22-18-36.png>]
<images//Captura desde 2023-07-18 22-28-47.png, id=58, 671.50874pt x 93.34875pt>
File: images//Captura desde 2023-07-18 22-28-47.png Graphic file (type png)
<use images//Captura desde 2023-07-18 22-28-47.png>
Package pdftex.def Info: images//Captura desde 2023-07-18 22-28-47.png  used on input line 264.
(pdftex.def)             Requested size: 327.48471pt x 45.52458pt.
<images//Captura desde 2023-07-18 22-37-53.png, id=59, 615.29875pt x 366.36874pt>
File: images//Captura desde 2023-07-18 22-37-53.png Graphic file (type png)
<use images//Captura desde 2023-07-18 22-37-53.png>
Package pdftex.def Info: images//Captura desde 2023-07-18 22-37-53.png  used on input line 280.
(pdftex.def)             Requested size: 344.05795pt x 204.85974pt.
<images//Captura desde 2023-07-18 22-44-15.png, id=60, 662.475pt x 34.1275pt>
File: images//Captura desde 2023-07-18 22-44-15.png Graphic file (type png)
<use images//Captura desde 2023-07-18 22-44-15.png>
Package pdftex.def Info: images//Captura desde 2023-07-18 22-44-15.png  used on input line 291.
(pdftex.def)             Requested size: 331.39842pt x 17.07182pt.
<images//Captura desde 2023-07-18 22-49-05.png, id=61, 662.475pt x 34.1275pt>
File: images//Captura desde 2023-07-18 22-49-05.png Graphic file (type png)
<use images//Captura desde 2023-07-18 22-49-05.png>
Package pdftex.def Info: images//Captura desde 2023-07-18 22-49-05.png  used on input line 301.
(pdftex.def)             Requested size: 331.39842pt x 17.07182pt.
 [6 <./images//Captura desde 2023-07-18 22-28-47.png> <./images//Captura desde 2023-07-18 22-37-53.png> <./images//Captura desde 2023-07-18 22-44-15.png>]
<images//Captura desde 2023-07-18 22-52-16.png, id=68, 302.12875pt x 34.1275pt>
File: images//Captura desde 2023-07-18 22-52-16.png Graphic file (type png)
<use images//Captura desde 2023-07-18 22-52-16.png>
Package pdftex.def Info: images//Captura desde 2023-07-18 22-52-16.png  used on input line 310.
(pdftex.def)             Requested size: 151.13776pt x 17.07182pt.
<images//Captura desde 2023-07-18 22-58-20.png, id=69, 614.295pt x 35.13126pt>
File: images//Captura desde 2023-07-18 22-58-20.png Graphic file (type png)
<use images//Captura desde 2023-07-18 22-58-20.png>
Package pdftex.def Info: images//Captura desde 2023-07-18 22-58-20.png  used on input line 319.
(pdftex.def)             Requested size: 298.51385pt x 17.07182pt.
<images//Captura desde 2023-07-18 23-01-19.png, id=70, 273.02pt x 35.13126pt>
File: images//Captura desde 2023-07-18 23-01-19.png Graphic file (type png)
<use images//Captura desde 2023-07-18 23-01-19.png>
Package pdftex.def Info: images//Captura desde 2023-07-18 23-01-19.png  used on input line 328.
(pdftex.def)             Requested size: 176.89432pt x 22.76228pt.
<images//Captura desde 2023-07-18 23-04-55.png, id=71, 656.4525pt x 290.08376pt>
File: images//Captura desde 2023-07-18 23-04-55.png Graphic file (type png)
<use images//Captura desde 2023-07-18 23-04-55.png>
Package pdftex.def Info: images//Captura desde 2023-07-18 23-04-55.png  used on input line 341.
(pdftex.def)             Requested size: 341.2571pt x 150.79968pt.
 [7 <./images//Captura desde 2023-07-18 22-49-05.png> <./images//Captura desde 2023-07-18 22-52-16.png> <./images//Captura desde 2023-07-18 22-58-20.png> <./images//Captura desde 2023-07-18 23-01-19.png> <./images//Captura desde 2023-07-18 23-04-55.png>]
<images//Captura desde 2023-07-19 10-44-07.png, id=81, 679.53876pt x 50.1875pt>
File: images//Captura desde 2023-07-19 10-44-07.png Graphic file (type png)
<use images//Captura desde 2023-07-19 10-44-07.png>
Package pdftex.def Info: images//Captura desde 2023-07-19 10-44-07.png  used on input line 355.
(pdftex.def)             Requested size: 308.20558pt x 22.76228pt.
<images//Captura desde 2023-07-19 10-48-43.png, id=82, 482.80376pt x 50.1875pt>
File: images//Captura desde 2023-07-19 10-48-43.png Graphic file (type png)
<use images//Captura desde 2023-07-19 10-48-43.png>
Package pdftex.def Info: images//Captura desde 2023-07-19 10-48-43.png  used on input line 366.
(pdftex.def)             Requested size: 273.72023pt x 28.45274pt.
<images//Captura desde 2023-07-19 11-34-05.png, id=83, 589.20125pt x 180.675pt>
File: images//Captura desde 2023-07-19 11-34-05.png Graphic file (type png)
<use images//Captura desde 2023-07-19 11-34-05.png>
Package pdftex.def Info: images//Captura desde 2023-07-19 11-34-05.png  used on input line 377.
(pdftex.def)             Requested size: 343.31029pt x 105.2751pt.
<images//Captura desde 2023-07-19 11-37-30.png, id=84, 650.43pt x 88.33pt>
File: images//Captura desde 2023-07-19 11-37-30.png Graphic file (type png)
<use images//Captura desde 2023-07-19 11-37-30.png>
Package pdftex.def Info: images//Captura desde 2023-07-19 11-37-30.png  used on input line 387.
(pdftex.def)             Requested size: 335.22827pt x 45.52458pt.
 [8 <./images//Captura desde 2023-07-19 10-44-07.png> <./images//Captura desde 2023-07-19 10-48-43.png> <./images//Captura desde 2023-07-19 11-34-05.png> <./images//Captura desde 2023-07-19 11-37-30.png>]
<images//Captura desde 2023-07-19 11-41-47.png, id=92, 534.99875pt x 36.135pt>
File: images//Captura desde 2023-07-19 11-41-47.png Graphic file (type png)
<use images//Captura desde 2023-07-19 11-41-47.png>
Package pdftex.def Info: images//Captura desde 2023-07-19 11-41-47.png  used on input line 397.
(pdftex.def)             Requested size: 337.00201pt x 22.76228pt.
<images//Captura desde 2023-07-19 11-48-50.png, id=93, 495.8525pt x 36.135pt>
File: images//Captura desde 2023-07-19 11-48-50.png Graphic file (type png)
<use images//Captura desde 2023-07-19 11-48-50.png>
Package pdftex.def Info: images//Captura desde 2023-07-19 11-48-50.png  used on input line 406.
(pdftex.def)             Requested size: 312.34332pt x 22.76228pt.
<images//Captura desde 2023-07-20 00-12-13.png, id=94, 592.2125pt x 99.37125pt>
File: images//Captura desde 2023-07-20 00-12-13.png Graphic file (type png)
<use images//Captura desde 2023-07-20 00-12-13.png>
Package pdftex.def Info: images//Captura desde 2023-07-20 00-12-13.png  used on input line 417.
(pdftex.def)             Requested size: 339.146pt x 56.9055pt.
<images//Captura desde 2023-07-19 11-52-28.png, id=95, 407.5225pt x 53.19875pt>
File: images//Captura desde 2023-07-19 11-52-28.png Graphic file (type png)
<use images//Captura desde 2023-07-19 11-52-28.png>
Package pdftex.def Info: images//Captura desde 2023-07-19 11-52-28.png  used on input line 427.
(pdftex.def)             Requested size: 217.9633pt x 28.45274pt.
<images//Captura desde 2023-07-19 11-55-34.png, id=96, 665.48625pt x 145.54375pt>
File: images//Captura desde 2023-07-19 11-55-34.png Graphic file (type png)
<use images//Captura desde 2023-07-19 11-55-34.png>
Package pdftex.def Info: images//Captura desde 2023-07-19 11-55-34.png  used on input line 436.
(pdftex.def)             Requested size: 325.24829pt x 71.13188pt.
 [9 <./images//Captura desde 2023-07-19 11-41-47.png> <./images//Captura desde 2023-07-19 11-48-50.png> <./images//Captura desde 2023-07-20 00-12-13.png> <./images//Captura desde 2023-07-19 11-52-28.png> <./images//Captura desde 2023-07-19 11-55-34.png>]
<images//Captura desde 2023-07-19 12-13-44.png, id=105, 649.42625pt x 157.58875pt>
File: images//Captura desde 2023-07-19 12-13-44.png Graphic file (type png)
<use images//Captura desde 2023-07-19 12-13-44.png>
Package pdftex.def Info: images//Captura desde 2023-07-19 12-13-44.png  used on input line 447.
(pdftex.def)             Requested size: 340.03232pt x 82.51282pt.
<images//Captura desde 2023-07-19 12-17-54.png, id=106, 556.0775pt x 37.13875pt>
File: images//Captura desde 2023-07-19 12-17-54.png Graphic file (type png)
<use images//Captura desde 2023-07-19 12-17-54.png>
Package pdftex.def Info: images//Captura desde 2023-07-19 12-17-54.png  used on input line 456.
(pdftex.def)             Requested size: 340.8359pt x 22.76228pt.
 [10 <./images//Captura desde 2023-07-19 12-13-44.png> <./images//Captura desde 2023-07-19 12-17-54.png>] (./Informe.aux) ) 
Here is how much of TeX's memory you used:
 2853 strings out of 480171
 55825 string characters out of 5894489
 332098 words of memory out of 5000000
 20752 multiletter control sequences out of 15000+600000
 474331 words of font info for 45 fonts, out of 8000000 for 9000
 59 hyphenation exceptions out of 8191
 60i,6n,67p,314b,222s stack positions out of 5000i,500n,10000p,200000b,80000s
 </home/juanmi/.texlive2021/texmf-var/fonts/pk/ljfour/jknappen/ec/tcrm0900.600pk></usr/share/texlive/texmf-dist/fonts/type1/public/amsfonts/cm/cmbx12.pfb></usr/share/texlive/texmf-dist/fonts/type1/public/amsfonts/cm/cmbx7.pfb></usr/share/texlive/texmf-dist/fonts/type1/public/amsfonts/cm/cmbx9.pfb></usr/share/texlive/texmf-dist/fonts/type1/public/amsfonts/cm/cmmi9.pfb></usr/share/texlive/texmf-dist/fonts/type1/public/amsfonts/cm/cmr10.pfb></usr/share/texlive/texmf-dist/fonts/type1/public/amsfonts/cm/cmr9.pfb></usr/share/texlive/texmf-dist/fonts/type1/public/amsfonts/cm/cmti12.pfb>
Output written on Informe.pdf (10 pages, 924108 bytes).
PDF statistics:
 148 PDF objects out of 1000 (max. 8388607)
 50 compressed objects within 1 object stream
 0 named destinations out of 1000 (max. 500000)
 176 words of extra memory for PDF output out of 10000 (max. 10000000)

